<?xml version="1.0" encoding="UTF-8"?>
<!-- Generated by org.testng.reporters.JUnitXMLReporter -->
<testsuite ignored="4" hostname="Dini" failures="0" tests="1" name="Test" time="0.059" errors="0" timestamp="2024-12-12T12:00:18 IST">
  <testcase classname="groupsinTestNG.Group1" name="test1" time="0.014"/>
  <testcase classname="groupsinTestNG.Group5" name="test5" time="0.0">
    <ignored/>
  </testcase> <!-- test5 -->
  <testcase classname="groupsinTestNG.Group4" name="test4" time="0.0">
    <ignored/>
  </testcase> <!-- test4 -->
  <testcase classname="groupsinTestNG.Group2" name="test2" time="0.0">
    <ignored/>
  </testcase> <!-- test2 -->
  <testcase classname="groupsinTestNG.Group3" name="test3" time="0.0">
    <ignored/>
  </testcase> <!-- test3 -->
</testsuite> <!-- Test -->
